<?xml version="1.0" encoding="UTF-8"?>
<testsuite name="se.yrgo.gradle.models.BookCatalogTest" tests="5" skipped="0" failures="0" errors="0" timestamp="2025-11-26T11:12:48.231Z" hostname="HANG-PHAN" time="0.037">
  <properties/>
  <testcase name="testAddABook()" classname="se.yrgo.gradle.models.BookCatalogTest" time="0.026"/>
  <testcase name="testFindBook()" classname="se.yrgo.gradle.models.BookCatalogTest" time="0.001"/>
  <testcase name="testFindBookIgnoringCase()" classname="se.yrgo.gradle.models.BookCatalogTest" time="0.001"/>
  <testcase name="testFindBookWithExtraSpaces()" classname="se.yrgo.gradle.models.BookCatalogTest" time="0.001"/>
  <testcase name="testFindBookThatDoesntExist()" classname="se.yrgo.gradle.models.BookCatalogTest" time="0.003"/>
  <system-out><![CDATA[]]></system-out>
  <system-err><![CDATA[]]></system-err>
</testsuite>
